   
    <<  Amplitude Cross Correlation of Complex or Real Data >>   
   
 Reading from: ampcor_r32x32_s32x32_1.in
CAUTION - Requesting very large search window pull in
Reference Window Size is                      32 sample pixels
Number of Search Pixels is                    32 sample pixels
The rule of thumb is that the search window pull in is at least 5
pixels and is less than the reference window size divided by 5. 
Suggested Number of Search Pixels is           5 sample pixels
 
 
CAUTION - Requesting very large search window pull in
Reference Window Size is                      32 line pixels
Number of Search Pixels is                    32 line pixels
The rule of thumb is that the search window pull in is at least 5
pixels and is less than the reference window size divided by 5. 
Suggested Number of Search Pixels is           5 line pixels
 
 
Requested resolving shifts to 1/  128 of a pixel
 
INFORMATION - you choose skips which are small for your window sizes
Normally the skip size is bigger than the box size
Across your skip is          8 but your window is         32
Down   your skip is          8 but your window is         32
This means that the image chips are larger than the separation between chips
 
  
Peak/SNR =          0.8814153671         6.2666888237
    1632    -0.078      48      -0.008    6.26669   0.002243   0.002671  -0.000609
Peak/SNR =          0.5987519622         9.6961221695
    1584     0.086      56       0.273    9.69612   0.013102   0.007591   0.002751
Peak/SNR =          0.5544264913        11.1308422089
    1592     0.344      56       0.297   11.13084   0.038324   0.009330   0.002311
Peak/SNR =          0.8277491927         7.5811343193
    1600     0.320      56       0.211    7.58113   0.009055   0.003599   0.000632
Peak/SNR =          0.8796581626         7.4457354546
    1608     0.133      56       0.141    7.44574   0.002571   0.002185  -0.000329
Peak/SNR =          0.8730965257         9.0589838028
    1616     0.047      56       0.117    9.05898   0.002550   0.002100  -0.000376
Peak/SNR =          0.8750228882        10.0063295364
    1624    -0.039      56       0.063   10.00633   0.002267   0.002147  -0.000369
Peak/SNR =          0.8281726837         9.4127416611
    1632    -0.063      56      -0.055    9.41274   0.002586   0.002955  -0.000659
Peak/SNR =          0.7814028263         4.7945499420
    1640    -0.227      56       0.219    4.79455   0.004072   0.005145   0.000034
Peak/SNR =          0.8162794709         2.5639400482
    1648    -0.125      56       0.492    2.56394   0.004124   0.006093   0.000510
Peak/SNR =          0.8015192747        13.8042230606
    1544    -0.102      64       0.195   13.80422   0.002384   0.001938  -0.000215
Peak/SNR =          0.8219692707         9.3737497330
    1552    -0.055      64       0.234    9.37375   0.002536   0.002341  -0.000187
Peak/SNR =          0.8116965890         9.1418752670
    1560    -0.047      64       0.242    9.14188   0.002713   0.002653  -0.000187
Peak/SNR =          0.7554723024         6.9715032578
    1568    -0.016      64       0.242    6.97150   0.004336   0.004861   0.000197
Peak/SNR =          0.6916778088         5.0619750023
    1576    -0.086      64       0.227    5.06198   0.008266   0.009631   0.001328
Peak/SNR =          0.6020872593        13.0113801956
    1584     0.070      64       0.109   13.01138   0.005225   0.006938   0.000805
Peak/SNR =          0.5794780254         6.0856814384
    1592     0.180      64       0.219    6.08568   0.014236   0.012334  -0.000226
Peak/SNR =          0.7043060064         6.8627176285
    1600     0.453      64       0.203    6.86272   0.021344   0.004063   0.000356
Peak/SNR =          0.7959401608        11.0335512161
    1608     0.125      64       0.125   11.03355   0.003757   0.002057  -0.000519
Peak/SNR =          0.7957186103        11.9897899628
    1616    -0.133      64       0.086   11.98979   0.003644   0.001961  -0.000616
Peak/SNR =          0.7507387400        15.7356557846
    1624    -0.242      64       0.016   15.73566   0.003715   0.002195  -0.000640
Peak/SNR =          0.7283557057        14.4555082321
    1632     0.125      64       0.039   14.45551   0.003270   0.002752  -0.000629
Peak/SNR =          0.8768277168         3.4683179855
    1640     0.117      64       0.219    3.46832   0.003153   0.004447   0.000084
Peak/SNR =          0.8869720101         2.6688785553
    1648     0.180      64       0.273    2.66888   0.002929   0.004655   0.000403
Peak/SNR =          0.4274003804        11.5850028992
    1504    -0.016      72      -0.039   11.58500   0.034224   0.010924   0.001639
Peak/SNR =          0.5177927613         4.3931064606
    1512   -10.453      72     -19.969    4.39311   0.699818   0.094960   0.152278
Peak/SNR =          0.6273730397         4.5043406487
    1520     0.344      72       0.000    4.50434   0.012720   0.008600   0.000739
Peak/SNR =          0.7768411040         3.5622622967
    1528     0.039      72       0.125    3.56226   0.004779   0.004456   0.000776
Peak/SNR =          0.7937353849         4.6717233658
    1536    -0.164      72       0.234    4.67172   0.003105   0.002968   0.000065
Peak/SNR =          0.8014903069        10.2507076263
    1544    -0.102      72       0.281   10.25071   0.002262   0.002231   0.000050
Peak/SNR =          0.7956427932        10.7911262512
    1552    -0.031      72       0.297   10.79113   0.002626   0.002498   0.000001
Peak/SNR =          0.7757747769         9.2638816833
    1560     0.039      72       0.344    9.26388   0.003256   0.003124  -0.000121
Peak/SNR =          0.7405406237         7.7986540794
    1568     0.039      72       0.273    7.79865   0.004492   0.004496   0.000307
Peak/SNR =          0.7039920688         6.0212225914
    1576    -0.133      72       0.219    6.02122   0.006670   0.007305   0.001436
Peak/SNR =          0.6871108413         8.7307071686
    1584    -0.016      72       0.055    8.73071   0.004834   0.005620   0.001063
Peak/SNR =          0.7304631472         8.7750186920
    1592    -0.039      72      -0.031    8.77502   0.005142   0.005079   0.000781
Peak/SNR =          0.7876577973         7.3834891319
    1600     0.125      72      -0.016    7.38349   0.007728   0.003656   0.000875
Peak/SNR =          0.8598492742         6.4802222252
    1608     0.789      72      -0.172    6.48022   0.013705   0.002063   0.000107
Peak/SNR =          0.8413308263         7.2726502419
    1616    -0.227      72      -0.180    7.27265   0.011556   0.001927  -0.000031
Peak/SNR =          0.7628189921         7.2928152084
    1624    -0.563      72      -0.250    7.29282   0.026855   0.003106  -0.000375
Peak/SNR =          0.7303779125         7.1767392159
    1632     0.828      72      -0.203    7.17674   0.008817   0.004845  -0.000073
Peak/SNR =          0.9135858417         3.4208858013
    1640     0.289      72       0.117    3.42089   0.002830   0.004189  -0.000089
Peak/SNR =          0.9063556194         3.4348921776
    1648     0.078      72       0.172    3.43489   0.002542   0.004358   0.000093
Peak/SNR =          0.3692273200         2.6541912556
    1456     0.273      80       0.180    2.65419   0.029936   0.008749  -0.003283
Peak/SNR =          0.3655352592         4.8582344055
    1464     0.242      80       0.219    4.85823   0.028282   0.009349  -0.001215
Peak/SNR =          0.4000999033        18.6125164032
    1472     0.164      80       0.195   18.61252   0.017529   0.007591  -0.000228
Peak/SNR =          0.3956052363        24.1173019409
    1480     0.086      80       0.141   24.11730   0.012856   0.005924   0.000605
Peak/SNR =          0.4140338898        19.4605102539
    1488    -0.055      80       0.164   19.46051   0.013427   0.005689   0.001274
Peak/SNR =          0.5847160816        10.8180160522
    1496     0.008      80       0.063   10.81802   0.010189   0.004430   0.001106
Peak/SNR =          0.4814255834         6.1532621384
    1504    -0.055      80       0.102    6.15326   0.030908   0.009075   0.002448
Peak/SNR =          0.5013959408         2.6530830860
    1512    -4.820      80       5.508    2.65308   0.903626  16.327570   1.353576
Peak/SNR =          0.5209792256         3.6930277348
    1520   -19.539      80     -22.945    3.69303   0.568897   0.132678  -0.115278
Peak/SNR =          0.7067934871         3.1330859661
    1528     0.039      80       0.227    3.13309   0.008810   0.011711   0.003558
Peak/SNR =          0.7997721434         3.8730099201
    1536    -0.094      80       0.250    3.87301   0.003520   0.003546   0.000180
Peak/SNR =          0.7964068055         7.4027462006
    1544    -0.070      80       0.281    7.40275   0.002277   0.002612   0.000031
Peak/SNR =          0.7970531583         9.9636001587
    1552     0.008      80       0.305    9.96360   0.002396   0.002884  -0.000063
Peak/SNR =          0.8070478439         8.1450853348
    1560     0.078      80       0.367    8.14509   0.002233   0.003036  -0.000240
Peak/SNR =          0.8304117918         7.6428246498
    1568     0.078      80       0.266    7.64282   0.001990   0.002964  -0.000032
Peak/SNR =          0.8399841189         5.6996202469
    1576    -0.078      80       0.195    5.69962   0.002405   0.004024   0.000136
Peak/SNR =          0.8635297418         4.3126606941
    1584    -0.117      80       0.102    4.31266   0.002823   0.004743   0.000147
Peak/SNR =          0.8810172677         5.0217065811
    1592    -0.211      80       0.109    5.02171   0.002901   0.001412  -0.000085
Peak/SNR =          0.9168140888         6.9783310890
    1600    -0.195      80       0.180    6.97833   0.001897   0.000604  -0.000048
Peak/SNR =          0.9310020804         8.2825546265
    1608    -0.211      80       0.188    8.28255   0.001852   0.000491  -0.000167
Peak/SNR =          0.9199358225        10.9877176285
    1616    -0.164      80       0.180   10.98772   0.001504   0.000445  -0.000176
Peak/SNR =          0.9177417159         9.0387487411
    1624    -0.039      80       0.219    9.03875   0.001616   0.000457  -0.000187
Peak/SNR =          0.9089372754         8.6718521118
    1632     0.117      80       0.227    8.67185   0.001903   0.000773  -0.000387
Peak/SNR =          0.9373955131         4.6921329498
    1640     0.227      80       0.109    4.69213   0.001587   0.001323  -0.000259
Peak/SNR =          0.9114308953         5.0025768280
    1648     0.008      80       0.102    5.00258   0.002114   0.002200  -0.000070
Peak/SNR =          0.4601946771         1.8065921068
    1416   -27.180      88      14.758    1.80659   5.029984   0.833426   1.761222
Peak/SNR =          0.4907664955        25.0316925049
    1424     0.141      88       0.695   25.03169   0.009717   0.003558   0.000908
Peak/SNR =          0.4216358662        15.9651918411
    1432     0.188      88       0.672   15.96519   0.010949   0.003918   0.000361
Peak/SNR =          0.3564254344         5.7853369713
    1440     0.211      88       0.633    5.78534   0.015927   0.005225   0.000154
Peak/SNR =          0.3184022009         2.6272516251
    1448   -22.516      88     -22.055    2.62725  17.613422   0.065528   0.955431
Peak/SNR =          0.3436901867         2.4963533878
    1456   -23.664      88     -23.883    2.49635   5.904818   0.576276   1.811804
Peak/SNR =          0.3355902731         2.2616019249
    1464   -26.641      88     -23.148    2.26160   1.042872   0.650328   0.549194
Peak/SNR =          0.4030907452        14.1101665497
    1472     0.219      88       0.289   14.11017   0.016912   0.007671  -0.000336
Peak/SNR =          0.4921324849        40.8241348267
    1480     0.180      88       0.313   40.82413   0.008960   0.004580   0.000201
Peak/SNR =          0.5559614897        16.0916614532
    1488     0.070      88       0.352   16.09166   0.009298   0.004321   0.000618
Peak/SNR =          0.6924946904         9.5251960754
    1496     0.156      88       0.336    9.52520   0.006742   0.003254   0.000567
Peak/SNR =          0.6148865819         7.2650265694
    1504     0.078      88       0.453    7.26503   0.017290   0.006016   0.001016
Peak/SNR =          0.5841235518         3.2323982716
    1512   -19.742      88     -25.695    3.23240   0.232075   0.149776   0.001701
Peak/SNR =          0.5135623813         2.9980709553
    1520   -21.586      88     -23.703    2.99807   0.731242   0.176859  -0.069602
Peak/SNR =          0.6143113971         4.8679480553
    1528     0.055      88       0.258    4.86795   0.013186   0.018824   0.006665
Peak/SNR =          0.6919747591         3.3030455112
    1536     0.070      88       0.227    3.30305   0.008083   0.009927   0.001908
Peak/SNR =          0.7615652084         4.9971165657
    1544    -0.047      88       0.258    4.99712   0.003396   0.004764   0.000489
Peak/SNR =          0.7975260615         9.6490020752
    1552     0.031      88       0.281    9.64900   0.002234   0.003436   0.000382
Peak/SNR =          0.8544075489         6.7728552818
    1560     0.070      88       0.281    6.77286   0.002091   0.003360   0.000055
Peak/SNR =          0.8777854443         6.9036140442
    1568    -0.008      88       0.211    6.90361   0.001622   0.002778   0.000052
Peak/SNR =          0.9126477838         5.1082024574
    1576    -0.102      88      -0.031    5.10820   0.001546   0.002850   0.000039
Peak/SNR =          0.9308448434         3.9167451859
    1584    -0.086      88      -0.102    3.91675   0.002002   0.002937  -0.000236
Peak/SNR =          0.9181092978         4.7456846237
    1592    -0.219      88       0.047    4.74568   0.002046   0.001284  -0.000127
Peak/SNR =          0.9427479506         6.3249907494
    1600    -0.188      88       0.148    6.32499   0.001521   0.000507  -0.000038
Peak/SNR =          0.9457984567         7.0383343697
    1608    -0.234      88       0.195    7.03833   0.001673   0.000456  -0.000157
Peak/SNR =          0.9405409694         7.8589916229
    1616    -0.188      88       0.180    7.85899   0.001464   0.000450  -0.000198
Peak/SNR =          0.9542204142         6.2563199997
    1624    -0.094      88       0.203    6.25632   0.001451   0.000462  -0.000204
Peak/SNR =          0.9516304135         6.0090074539
    1632    -0.109      88       0.195    6.00901   0.001608   0.000721  -0.000384
Peak/SNR =          0.9491829872         5.3918004036
    1640     0.102      88       0.141    5.39180   0.001553   0.001090  -0.000362
Peak/SNR =          0.9071313143         5.3918771744
    1648    -0.008      88       0.086    5.39188   0.002837   0.002501  -0.000375
Peak/SNR =          0.8428589702         6.8638100624
    1656     0.188      88       0.109    6.86381   0.003506   0.004558  -0.000399
Peak/SNR =          0.8843039274         8.4322481155
    1368     0.102      96       0.078    8.43225   0.002679   0.001265  -0.000101
Peak/SNR =          0.7613042593        14.2051486969
    1376     0.078      96      -0.039   14.20515   0.005247   0.001974   0.000160
Peak/SNR =          0.5947134495        13.5812988281
    1384     0.109      96       0.047   13.58130   0.010877   0.004818   0.000813
Peak/SNR =          0.4589178562         7.8576102257
    1392     0.180      96       0.156    7.85761   0.021052   0.008482   0.000839
Peak/SNR =          0.4253919721         3.3259122372
    1400    25.500      96      -5.766    3.32591   3.006987   0.287213   0.505996
Peak/SNR =          0.4172557294         4.1216192245
    1408    23.477      96      -7.461    4.12162   1.324197   0.163148   0.171644
Peak/SNR =          0.4538709819        15.6151056290
    1416     0.289      96       0.570   15.61511   0.010810   0.004654   0.001669
Peak/SNR =          0.5870612860        22.0109748840
    1424     0.133      96       0.688   22.01097   0.005665   0.002178   0.000420
Peak/SNR =          0.5659835935        21.1954727173
    1432     0.172      96       0.703   21.19547   0.005427   0.002190   0.000082
Peak/SNR =          0.5401254892        13.1840953827
    1440     0.172      96       0.711   13.18410   0.007324   0.002716  -0.000084
Peak/SNR =          0.4882946610         7.5565719604
    1448     0.203      96       0.672    7.55657   0.013508   0.004592  -0.000729
Peak/SNR =          0.4311391115         4.7478427887
    1456     0.258      96       0.609    4.74784   0.023803   0.009324  -0.001900
Peak/SNR =          0.4109059572         4.6574959755
    1464     0.234      96       0.477    4.65750   0.050970   0.017795  -0.000913
Peak/SNR =          0.4082058072         7.3407845497
    1472     0.227      96       0.375    7.34078   0.031731   0.012452   0.001367
Peak/SNR =          0.4786016345         9.8994407654
    1480     0.203      96       0.352    9.89944   0.013876   0.006518   0.000700
Peak/SNR =          0.5506040454         6.9914426804
    1488     0.133      96       0.492    6.99144   0.018530   0.009756   0.002671
Peak/SNR =          0.7178269625         6.9036707878
    1496     0.203      96       0.539    6.90367   0.009533   0.004683   0.001128
Peak/SNR =          0.7124893665         8.8399724960
    1504     0.148      96       0.602    8.83997   0.010041   0.003967   0.000541
Peak/SNR =          0.6161881089         3.3050990105
    1512   -19.688      96     -27.375    3.30510   0.125285   0.061434  -0.001322
Peak/SNR =          0.6198584437         3.6237449646
    1520   -23.734      96     -22.617    3.62374   0.206717   0.086743   0.028595
Peak/SNR =          0.5202009082         7.1550173759
    1528    -0.156      96       0.375    7.15502   0.016716   0.022372   0.007282
Peak/SNR =          0.6004236937         4.0249166489
    1536     0.125      96       0.266    4.02492   0.014346   0.020251   0.005815
Peak/SNR =          0.6883522272         4.6230282784
    1544    -0.039      96       0.281    4.62303   0.006148   0.008251   0.001447
Peak/SNR =          0.7619369030         9.9177751541
    1552     0.023      96       0.266    9.91778   0.002668   0.003848   0.000569
Peak/SNR =          0.8598653674         6.2244777679
    1560     0.047      96       0.234    6.22448   0.002356   0.003285   0.000108
Peak/SNR =          0.8928101063         7.4965033531
    1568    -0.039      96       0.164    7.49650   0.001387   0.002040  -0.000025
Peak/SNR =          0.9248374104         5.3160500526
    1576    -0.094      96       0.031    5.31605   0.001296   0.002032  -0.000023
Peak/SNR =          0.9391153455         3.7935638428
    1584    -0.031      96      -0.078    3.79356   0.001743   0.002308  -0.000198
Peak/SNR =          0.9195160270         5.1731290817
    1592    -0.195      96       0.016    5.17313   0.001681   0.001191  -0.000137
Peak/SNR =          0.9346594214         8.2677364349
    1600    -0.195      96       0.148    8.26774   0.001452   0.000488  -0.000035
Peak/SNR =          0.9458951950         7.3289985657
    1608    -0.188      96       0.195    7.32900   0.001592   0.000432  -0.000149
Peak/SNR =          0.9450046420         7.2877798080
    1616    -0.148      96       0.188    7.28778   0.001392   0.000439  -0.000175
Peak/SNR =          0.9543540478         5.6885690689
    1624    -0.070      96       0.219    5.68857   0.001429   0.000505  -0.000203
Peak/SNR =          0.9501801133         5.0948648453
    1632    -0.117      96       0.195    5.09486   0.001801   0.000865  -0.000488
Peak/SNR =          0.9391742945         6.1177968979
    1640    -0.055      96       0.070    6.11780   0.001762   0.001006  -0.000457
Peak/SNR =          0.8961879015         6.6563272476
    1648    -0.156      96      -0.063    6.65633   0.003064   0.001885  -0.000675
Peak/SNR =          0.8619769216         7.6606779099
    1656    -0.023      96      -0.227    7.66068   0.003807   0.002457  -0.000614
Peak/SNR =          0.8467559218         5.4798750877
    1328     0.336     104      -0.133    5.47988   0.003524   0.003363   0.000789
Peak/SNR =          0.9071065784         6.4769296646
    1336     0.188     104       0.047    6.47693   0.001309   0.001138   0.000085
Peak/SNR =          0.9130275249         8.0851202011
    1344     0.148     104       0.102    8.08512   0.001094   0.001006   0.000056
Peak/SNR =          0.9202103019         6.3292069435
    1352     0.148     104       0.125    6.32921   0.001064   0.000891   0.000052
Peak/SNR =          0.9081103802         5.3723101616
    1360     0.086     104       0.109    5.37231   0.001471   0.000992  -0.000051
Peak/SNR =          0.8706108928         6.0977349281
    1368     0.031     104       0.063    6.09773   0.002801   0.001668   0.000065
Peak/SNR =          0.7863303423         8.9712362289
    1376     0.000     104       0.000    8.97124   0.005385   0.002163   0.000291
Peak/SNR =          0.6788359284         4.8768963814
    1384     0.109     104       0.063    4.87690   0.009918   0.004831   0.000854
Peak/SNR =          0.5728623867         3.2329511642
    1392     0.305     104       0.078    3.23295   0.019603   0.009197   0.001756
Peak/SNR =          0.5166648626         3.0513792038
    1400    25.469     104      -5.766    3.05138   0.987022   0.142113   0.169721
Peak/SNR =          0.4786990881         3.8256645203
    1408    25.609     104      -8.102    3.82566   0.817085   0.350506   0.335134
Peak/SNR =          0.4089906812         3.1922426224
    1416    31.078     104      -6.141    3.19224   0.694709   0.124600  -0.125624
Peak/SNR =          0.4887798727        30.3237838745
    1424     0.125     104       0.680   30.32378   0.007445   0.002751   0.000428
Peak/SNR =          0.4613215625        25.6225662231
    1432     0.164     104       0.680   25.62257   0.007141   0.002821   0.000100
Peak/SNR =          0.4705368578        29.2146739960
    1440     0.156     104       0.672   29.21467   0.008293   0.003097  -0.000062
Peak/SNR =          0.4550916255        11.5417079926
    1448     0.227     104       0.648   11.54171   0.011804   0.004160  -0.000304
Peak/SNR =          0.4696677923         6.1364927292
    1456     0.273     104       0.594    6.13649   0.015747   0.005739  -0.000747
Peak/SNR =          0.4879173040         4.3686475754
    1464     0.234     104       0.594    4.36865   0.027072   0.007568   0.000748
Peak/SNR =          0.5053478479         4.8528079987
    1472     0.414     104       0.563    4.85281   0.099489   0.014793  -0.006532
Peak/SNR =          0.5938298702         7.1901540756
    1480     0.188     104       0.555    7.19015   0.011309   0.006011   0.000880
Peak/SNR =          0.6426358223         7.2182192802
    1488     0.141     104       0.641    7.21822   0.011675   0.005438   0.001362
Peak/SNR =          0.7100244761         8.7418060303
    1496     0.203     104       0.594    8.74181   0.008591   0.004077   0.000772
Peak/SNR =          0.6871158481        11.1989402771
    1504     0.172     104       0.570   11.19894   0.008420   0.003815   0.000262
Peak/SNR =          0.5600169301         7.7437014580
    1512     0.094     104       0.547    7.74370   0.022273   0.009623   0.000426
Peak/SNR =          0.5872730613         6.8952283859
    1520     0.109     104       0.398    6.89523   0.015233   0.007427  -0.000184
Peak/SNR =          0.5686376691         5.6515660286
    1528     0.102     104       0.367    5.65157   0.019192   0.012580  -0.000207
Peak/SNR =          0.6648395658         5.0140838623
    1536     0.359     104       0.211    5.01408   0.013806   0.013208   0.000179
Peak/SNR =          0.7194406390         4.6185026169
    1544     0.109     104       0.227    4.61850   0.006237   0.008602   0.000617
Peak/SNR =          0.7662712932        11.9423189163
    1552     0.078     104       0.281   11.94232   0.002471   0.004215   0.000573
Peak/SNR =          0.8816534877         5.3815608025
    1560    -0.031     104       0.195    5.38156   0.002116   0.003250   0.000099
Peak/SNR =          0.9042550921         7.1545686722
    1568    -0.063     104       0.133    7.15457   0.001241   0.002063  -0.000051
Peak/SNR =          0.9266741276         5.2064003944
    1576    -0.102     104       0.023    5.20640   0.001288   0.002182  -0.000069
Peak/SNR =          0.9379680157         3.4744374752
    1584    -0.047     104      -0.109    3.47444   0.001916   0.002796  -0.000339
Peak/SNR =          0.9082201123         4.5247535706
    1592    -0.219     104       0.063    4.52475   0.001956   0.001429  -0.000238
Peak/SNR =          0.9434629083         7.4977197647
    1600    -0.141     104       0.211    7.49772   0.001253   0.000403  -0.000045
Peak/SNR =          0.9495925307         6.3284010887
    1608    -0.148     104       0.250    6.32840   0.001467   0.000401  -0.000146
Peak/SNR =          0.9474570155         6.0604290962
    1616    -0.125     104       0.219    6.06043   0.001355   0.000431  -0.000181
Peak/SNR =          0.9569711089         4.7813334465
    1624    -0.047     104       0.250    4.78133   0.001310   0.000482  -0.000185
Peak/SNR =          0.9427982569         4.9789218903
    1632    -0.063     104       0.250    4.97892   0.001752   0.000970  -0.000426
Peak/SNR =          0.9138609767         7.0008745193
    1640    -0.039     104       0.109    7.00087   0.002170   0.001284  -0.000509
Peak/SNR =          0.8577259779         8.3037033081
    1648    -0.016     104       0.070    8.30370   0.003709   0.002166  -0.000639
Peak/SNR =          0.8229609132         9.7348995209
    1656     0.055     104       0.031    9.73490   0.005219   0.002931  -0.000662
