   
    <<  Amplitude Cross Correlation of Complex or Real Data >>   
   
 Reading from: ampcor_r32x32_s32x32_2.in
CAUTION - Requesting very large search window pull in
Reference Window Size is                      32 sample pixels
Number of Search Pixels is                    32 sample pixels
The rule of thumb is that the search window pull in is at least 5
pixels and is less than the reference window size divided by 5. 
Suggested Number of Search Pixels is           5 sample pixels
 
 
CAUTION - Requesting very large search window pull in
Reference Window Size is                      32 line pixels
Number of Search Pixels is                    32 line pixels
The rule of thumb is that the search window pull in is at least 5
pixels and is less than the reference window size divided by 5. 
Suggested Number of Search Pixels is           5 line pixels
 
 
Requested resolving shifts to 1/  128 of a pixel
 
INFORMATION - you choose skips which are small for your window sizes
Normally the skip size is bigger than the box size
Across your skip is          8 but your window is         32
Down   your skip is          8 but your window is         32
This means that the image chips are larger than the separation between chips
 
  
Peak/SNR =          0.9059061408         7.9727149010
    1280    -0.016     112       0.086    7.97271   0.001300   0.001015   0.000098
Peak/SNR =          0.6982712150        18.8348083496
    1288    -0.125     112       0.039   18.83481   0.003602   0.001897   0.000366
Peak/SNR =          0.4588528275        13.7795295715
    1296     0.008     112       0.203   13.77953   0.013784   0.004574   0.001032
Peak/SNR =          0.3697846532         2.3554751873
    1304     9.344     112     -16.094    2.35548  11.863479   2.902118   3.874583
Peak/SNR =          0.4788023233         5.9418749809
    1312     0.102     112       0.141    5.94187   0.036676   0.009722   0.001285
Peak/SNR =          0.5431402922         6.0465402603
    1320     0.172     112      -0.125    6.04654   0.031906   0.009144  -0.001013
Peak/SNR =          0.8215194345         6.2257542610
    1328     0.305     112      -0.148    6.22575   0.006010   0.003040  -0.000408
Peak/SNR =          0.8671360016         8.4096584320
    1336     0.172     112      -0.078    8.40966   0.002172   0.001575  -0.000082
Peak/SNR =          0.8517609239         9.4777841568
    1344     0.156     112      -0.039    9.47778   0.002411   0.001825  -0.000085
Peak/SNR =          0.8797001243         5.6076998711
    1352     0.156     112       0.000    5.60770   0.002157   0.001653  -0.000071
Peak/SNR =          0.8064420819         6.5570015907
    1360     0.047     112       0.008    6.55700   0.003443   0.002568   0.000016
Peak/SNR =          0.6396000981         7.1660532951
    1368    -0.180     112       0.172    7.16605   0.011142   0.006451   0.001208
Peak/SNR =          0.6984507442         2.2452390194
    1376     1.492     112      25.734    2.24524   1.405334   0.092603   0.232959
Peak/SNR =          0.6673469543         2.5344123840
    1384   -20.508     112      26.672    2.53441   0.857773   0.041879   0.082259
Peak/SNR =          0.6317714453         3.3445081711
    1392   -20.219     112      -1.922    3.34451   0.220327   0.085405   0.060073
Peak/SNR =          0.6451240778         2.3039362431
    1400   -26.508     112      -2.789    2.30394   0.259267   0.129606   0.112039
Peak/SNR =          0.4995702803         2.3459641933
    1408   -25.992     112      -3.859    2.34596   0.414896   0.664126   0.127669
Peak/SNR =          0.4661225080        10.1222906113
    1416     0.172     112       0.594   10.12229   0.010801   0.004495   0.001643
Peak/SNR =          0.6499454379        13.7335062027
    1424     0.078     112       0.727   13.73351   0.003996   0.001567   0.000270
Peak/SNR =          0.6414803267        15.6213512421
    1432     0.078     112       0.680   15.62135   0.003737   0.001572   0.000111
Peak/SNR =          0.5543063283        23.2868099213
    1440     0.086     112       0.688   23.28681   0.005844   0.002281   0.000030
Peak/SNR =          0.4721810222        26.8647670746
    1448     0.156     112       0.680   26.86477   0.009289   0.003513   0.000009
Peak/SNR =          0.4585053623        11.2331104279
    1456     0.156     112       0.586   11.23311   0.011124   0.004661   0.000211
Peak/SNR =          0.4838137925         5.8655395508
    1464     0.141     112       0.594    5.86554   0.013516   0.005175   0.001228
Peak/SNR =          0.5730265379         6.5164880753
    1472     0.289     112       0.531    6.51649   0.010873   0.005114   0.001439
Peak/SNR =          0.6438260078         9.1094083786
    1480     0.109     112       0.516    9.10941   0.007086   0.004270   0.000671
Peak/SNR =          0.6126341224        10.2053089142
    1488     0.148     112       0.609   10.20531   0.011134   0.006399   0.001108
Peak/SNR =          0.6155425906        10.1455764771
    1496     0.234     112       0.617   10.14558   0.012313   0.005593   0.000792
Peak/SNR =          0.5785312057         9.2472295761
    1504     0.156     112       0.578    9.24723   0.012861   0.005505   0.000101
Peak/SNR =          0.5363358259        10.8966312408
    1512     0.078     112       0.477   10.89663   0.014116   0.006023  -0.000528
Peak/SNR =          0.6018607020         5.6199774742
    1520     0.094     112       0.406    5.61998   0.018637   0.007104  -0.000934
Peak/SNR =          0.6403078437         3.9900591373
    1528     0.094     112       0.297    3.99006   0.022868   0.009528  -0.001143
Peak/SNR =          0.5650564432         6.7071080208
    1536     1.320     112      -0.234    6.70711   0.137342   0.035610   0.032872
Peak/SNR =          0.6967929602         6.1599683762
    1544     0.336     112       0.133    6.15997   0.005726   0.007794   0.001138
Peak/SNR =          0.8821713924         5.8896341324
    1552    -0.023     112       0.297    5.88963   0.001507   0.002029   0.000351
Peak/SNR =          0.9265384674         3.8929364681
    1560    -0.211     112       0.180    3.89294   0.001697   0.001911   0.000216
Peak/SNR =          0.9115834236         5.7562670708
    1568    -0.148     112       0.148    5.75627   0.001274   0.001739   0.000013
Peak/SNR =          0.9277889729         4.8604359627
    1576    -0.141     112       0.070    4.86044   0.001263   0.001788  -0.000001
Peak/SNR =          0.9438473582         3.1664719582
    1584    -0.023     112      -0.016    3.16647   0.001643   0.002085  -0.000179
Peak/SNR =          0.9321936369         3.5452651978
    1592    -0.125     112       0.133    3.54527   0.001433   0.002398  -0.000340
Peak/SNR =          0.9136336446         2.7725315094
    1600    -0.375     112      -1.141    2.77253   0.005194   0.007839  -0.000276
Peak/SNR =          0.9230601788         2.5510091782
    1608     0.461     112       0.266    2.55101   0.004227   0.002255  -0.000729
Peak/SNR =          0.9397572875         2.5894427299
    1616     0.664     112       0.172    2.58944   0.003192   0.001329  -0.000406
Peak/SNR =          0.9692033529         2.2014980316
    1624    -0.234     112       0.133    2.20150   0.001683   0.000946  -0.000243
Peak/SNR =          0.9541099668         3.0444214344
    1632    -0.094     112       0.203    3.04442   0.001409   0.001402  -0.000387
Peak/SNR =          0.9331191778         5.5060143471
    1640     0.016     112       0.156    5.50601   0.001817   0.001488  -0.000484
Peak/SNR =          0.9057438374         5.9049386978
    1648     0.047     112       0.156    5.90494   0.002647   0.001998  -0.000470
Peak/SNR =          0.8976908326         5.2076201439
    1656     0.023     112       0.117    5.20762   0.003355   0.002180  -0.000439
Peak/SNR =          0.8708898425        12.1938362122
    1240    -0.008     120       0.148   12.19384   0.001750   0.001055  -0.000087
Peak/SNR =          0.9179322124         5.7905397415
    1248     0.109     120       0.102    5.79054   0.002073   0.001239  -0.000155
Peak/SNR =          0.9344448447         9.8997383118
    1256     0.094     120       0.102    9.89974   0.000967   0.000874  -0.000090
Peak/SNR =          0.9540290236         7.4335522652
    1264     0.063     120       0.047    7.43355   0.000772   0.000642  -0.000065
Peak/SNR =          0.9610828757         5.0194830894
    1272     0.063     120       0.094    5.01948   0.000778   0.000618  -0.000047
Peak/SNR =          0.9096751213         7.1612253189
    1280    -0.055     120       0.141    7.16123   0.001221   0.000890  -0.000073
Peak/SNR =          0.7886886597         9.3133535385
    1288    -0.125     120       0.234    9.31335   0.003046   0.001838  -0.000073
Peak/SNR =          0.6264352798        13.2320394516
    1296    -0.141     120       0.273   13.23204   0.008080   0.003782   0.000548
Peak/SNR =          0.6221904755         6.6660337448
    1304     0.156     120       0.180    6.66603   0.017160   0.005022  -0.000058
Peak/SNR =          0.6048769951        11.6973838806
    1312     0.273     120       0.117   11.69738   0.013361   0.004598  -0.000379
Peak/SNR =          0.6294417381        20.4821510315
    1320     0.133     120       0.063   20.48215   0.008475   0.004718  -0.001684
Peak/SNR =          0.7497315407        13.7212753296
    1328     0.156     120      -0.039   13.72128   0.005119   0.002826  -0.000925
Peak/SNR =          0.7932758331        10.2610378265
    1336     0.102     120      -0.070   10.26104   0.004111   0.002231  -0.000514
Peak/SNR =          0.7642368078         8.2678470612
    1344     0.109     120      -0.023    8.26785   0.006064   0.003054  -0.000936
Peak/SNR =          0.7608672380         6.0716805458
    1352     0.086     120      -0.070    6.07168   0.008018   0.002976  -0.000303
Peak/SNR =          0.6903163791         6.7331638336
    1360    -0.047     120      -0.156    6.73316   0.010417   0.003999   0.000328
Peak/SNR =          0.5479729772         3.0774686337
    1368   -19.328     120      25.625    3.07747   0.315865   0.068429  -0.054077
Peak/SNR =          0.5492300391         2.6019730568
    1376   -19.547     120      25.727    2.60197   0.316484   0.079372  -0.050749
Peak/SNR =          0.4976588488         3.1575727463
    1384   -11.195     120     -11.539    3.15757   1.832212   0.118722   0.186248
Peak/SNR =          0.5323784947         3.7091138363
    1392   -22.359     120      -1.727    3.70911   0.149432   0.079589   0.030537
Peak/SNR =          0.4989690185         3.4127681255
    1400   -27.570     120       0.508    3.41277   0.613960   0.201136   0.250046
Peak/SNR =          0.3023861051         2.8711020947
    1408    27.523     120     -11.594    2.87110  10.098747   0.432558   1.228898
Peak/SNR =          0.3131897151        13.9832887650
    1416    -0.336     120       0.914   13.98329   0.024949   0.017204   0.006875
Peak/SNR =          0.3903876841        30.2673702240
    1424     0.039     120       0.758   30.26737   0.012426   0.004582   0.000394
Peak/SNR =          0.5691128969        21.2763042450
    1432     0.117     120       0.656   21.27630   0.005596   0.002365  -0.000112
Peak/SNR =          0.5833928585        28.4365291595
    1440     0.094     120       0.641   28.43653   0.005815   0.002334  -0.000187
Peak/SNR =          0.5529988408        26.7381362915
    1448     0.172     120       0.664   26.73814   0.008354   0.002840  -0.000391
Peak/SNR =          0.5811097622        22.0463256836
    1456     0.117     120       0.625   22.04633   0.007274   0.002887   0.000076
Peak/SNR =          0.6144242883        13.3072595596
    1464     0.070     120       0.641   13.30726   0.007594   0.003002   0.000604
Peak/SNR =          0.6260772347        13.7094335556
    1472     0.156     120       0.672   13.70943   0.007731   0.003461   0.001020
Peak/SNR =          0.6112510562        11.8059101105
    1480    -0.063     120       0.656   11.80591   0.009998   0.005729   0.001985
Peak/SNR =          0.3898661435         4.8005714417
    1488     0.195     120       0.766    4.80057   0.030690   0.018088   0.004786
Peak/SNR =          0.3520810604         2.8419215679
    1496   -23.633     120       1.281    2.84192   0.699044   0.477158   0.290690
Peak/SNR =          0.4124421477        11.7591085434
    1512     0.055     120       0.398   11.75911   0.020075   0.008265  -0.001675
Peak/SNR =          0.5854178667         3.1821110249
    1520     0.086     120       0.375    3.18211   0.024711   0.008665  -0.002363
Peak/SNR =          0.6243010163         3.3004136086
    1528     0.148     120       0.336    3.30041   0.029006   0.010883  -0.001915
Peak/SNR =          0.6144860983         5.3127126694
    1536     4.383     120      -0.648    5.31271   0.141890   0.049910   0.019326
Peak/SNR =          0.7627795339         4.8748731613
    1544     0.586     120       0.477    4.87487   0.007114   0.006794   0.001241
Peak/SNR =          0.9110340476         3.4482131004
    1552    -0.172     120       0.328    3.44821   0.002162   0.001650  -0.000013
Peak/SNR =          0.9265734553         3.3385117054
    1560    -0.172     120       0.188    3.33851   0.001579   0.001194   0.000138
Peak/SNR =          0.9068208933         5.6847372055
    1568    -0.109     120       0.141    5.68474   0.001135   0.001104   0.000021
Peak/SNR =          0.9212999940         5.7310566902
    1576    -0.094     120       0.133    5.73106   0.000979   0.000951   0.000018
Peak/SNR =          0.9539763927         3.7194554806
    1584     0.008     120       0.063    3.71946   0.000671   0.000729   0.000036
Peak/SNR =          0.9514492750         4.1472148895
    1592    -0.156     120      -0.039    4.14721   0.000604   0.000812  -0.000081
Peak/SNR =          0.8195118904         1.9579685926
    1600    -0.469     120       0.641    1.95797   0.006794   0.012017  -0.000135
Peak/SNR =          0.7439637184         1.6128689051
    1608     0.680     120       0.633    1.61287   0.043072   0.048192  -0.000134
Peak/SNR =          0.8861392140         2.8668813705
    1616     0.758     120      -0.164    2.86688   0.004526   0.002506   0.000755
Peak/SNR =          0.9509091377         1.9491420984
    1624     0.563     120       0.164    1.94914   0.001993   0.001448  -0.000018
Peak/SNR =          0.9543682337         2.4879739285
    1632    -0.031     120       0.180    2.48797   0.000960   0.001512  -0.000043
Peak/SNR =          0.9539450407         4.7186579704
    1640     0.070     120       0.141    4.71866   0.001075   0.001089  -0.000147
Peak/SNR =          0.9566200376         4.3392510414
    1648     0.039     120       0.141    4.33925   0.001167   0.001038  -0.000090
Peak/SNR =          0.9568727016         3.4411442280
    1656    -0.039     120       0.125    3.44114   0.001540   0.001234  -0.000095
Peak/SNR =          0.8752372861        13.8175125122
    1200     0.031     128       0.211   13.81751   0.001317   0.001574  -0.000112
Peak/SNR =          0.9268100858         6.8118181229
    1208    -0.094     128       0.156    6.81182   0.001545   0.001532  -0.000229
Peak/SNR =          0.9285131097         6.5332822800
    1216     0.156     128       0.188    6.53328   0.001504   0.001305  -0.000196
Peak/SNR =          0.9379925132         8.4489088058
    1224     0.125     128       0.172    8.44891   0.001134   0.000651  -0.000092
Peak/SNR =          0.9321615696         9.8093662262
    1232     0.109     128       0.148    9.80937   0.000984   0.000601  -0.000071
Peak/SNR =          0.8953548074        12.4183902740
    1240     0.063     128       0.156   12.41839   0.001217   0.000789  -0.000078
Peak/SNR =          0.9361920357         4.3257074356
    1248     0.156     128       0.156    4.32571   0.001403   0.001024  -0.000126
Peak/SNR =          0.9399610162         7.9425373077
    1256     0.078     128       0.141    7.94254   0.000771   0.000865  -0.000046
Peak/SNR =          0.9574275613         7.6670465469
    1264     0.078     128       0.102    7.66705   0.000731   0.000675  -0.000071
Peak/SNR =          0.9655182362         4.9850478172
    1272     0.086     128       0.117    4.98505   0.000691   0.000634  -0.000026
Peak/SNR =          0.9285084009         6.7800869942
    1280     0.016     128       0.125    6.78009   0.001090   0.000882  -0.000034
Peak/SNR =          0.8820651770         7.5996766090
    1288    -0.039     128       0.172    7.59968   0.002500   0.001705  -0.000067
Peak/SNR =          0.7626886368         7.1733522415
    1296    -0.203     128       0.289    7.17335   0.004398   0.003169   0.000464
Peak/SNR =          0.7490620017         3.1908006668
    1304     0.055     128       0.305    3.19080   0.009955   0.004728   0.000139
Peak/SNR =          0.7505697608         4.1909613609
    1312     0.281     128       0.258    4.19096   0.008413   0.004705   0.000081
Peak/SNR =          0.8476518393         5.5762705803
    1320     0.180     128       0.227    5.57627   0.004253   0.003111  -0.001282
Peak/SNR =          0.9052747488         6.2712559700
    1328     0.141     128       0.117    6.27126   0.002149   0.001560  -0.000610
Peak/SNR =          0.9097536802         6.0472793579
    1336     0.094     128      -0.008    6.04728   0.002010   0.001450  -0.000533
Peak/SNR =          0.9049292803         5.0608506203
    1344     0.102     128      -0.063    5.06085   0.003024   0.001960  -0.000942
Peak/SNR =          0.8517345786         6.5272140503
    1352     0.172     128      -0.047    6.52721   0.004609   0.002522  -0.000723
Peak/SNR =          0.6647079587         7.2189655304
    1360     0.164     128      -0.039    7.21897   0.010652   0.005903  -0.000844
Peak/SNR =          0.5124770403         4.8420453072
    1368    -0.242     128       0.227    4.84205   0.032625   0.010242  -0.003509
Peak/SNR =          0.5006538033         2.9534049034
    1376     0.164     128       0.563    2.95340   0.036565   0.009552  -0.001945
Peak/SNR =          0.5617380142         3.7177023888
    1384    -1.484     128       1.805    3.71770   0.133035   0.031757   0.032638
Peak/SNR =          0.4624908566         3.0391571522
    1392    -1.594     128       3.141    3.03916   0.383770   0.366122   0.278954
Peak/SNR =          0.4396737218         2.6969106197
    1400    -4.320     128      10.844    2.69691   0.313415   0.318535   0.080908
Peak/SNR =          0.4542792737         4.6958317757
    1408    -4.469     128      10.594    4.69583   0.115473   0.087389   0.024214
Peak/SNR =          0.2755665779         4.7213144302
    1416    26.789     128     -12.617    4.72131   0.734108   0.186341   0.141533
Peak/SNR =          0.2602051795         5.4107136726
    1424    26.039     128     -13.125    5.41071   0.696926   0.099515   0.044143
Peak/SNR =          0.3041287661         5.6317243576
    1432    -0.031     128       0.508    5.63172   0.026201   0.008492   0.000279
Peak/SNR =          0.4633920491        18.9221534729
    1440     0.094     128       0.492   18.92215   0.014201   0.004954   0.000110
Peak/SNR =          0.5407111049        24.1184978485
    1448     0.219     128       0.609   24.11850   0.009477   0.003004   0.000047
Peak/SNR =          0.6010739207        24.8437480927
    1456     0.148     128       0.602   24.84375   0.006595   0.002344   0.000347
Peak/SNR =          0.6533656716        16.7516384125
    1464     0.172     128       0.664   16.75164   0.006001   0.002186   0.000540
Peak/SNR =          0.6852190495        15.8159952164
    1472     0.164     128       0.719   15.81600   0.005300   0.002051   0.000590
Peak/SNR =          0.5935042500        12.0044116974
    1480     0.039     128       0.703   12.00441   0.012500   0.005130   0.002679
Peak/SNR =          0.4202428758         2.7209358215
    1488    -4.500     128      30.797    2.72094   0.122590   0.132671  -0.035955
Peak/SNR =          0.4501440525         3.3845221996
    1496   -10.430     128      29.148    3.38452   3.035577   0.187051  -0.079965
Peak/SNR =          0.4753944278         2.5679290295
    1504   -19.484     128      29.078    2.56793   0.183889   0.038613  -0.022474
Peak/SNR =          0.4659492970         2.6950185299
    1512     5.820     128     -26.516    2.69502   0.205756   0.567060   0.129228
Peak/SNR =          0.5443951488         2.6612377167
    1520    -0.922     128     -23.539    2.66124   0.269763   0.580020   0.004607
Peak/SNR =          0.5531949997         3.8960444927
    1528     4.938     128      -0.656    3.89604   0.661208   0.146845   0.244240
Peak/SNR =          0.6181651354         4.8094444275
    1536     5.375     128      -0.508    4.80944   0.467494   0.076961   0.136582
Peak/SNR =          0.7385458350         4.0080018044
    1544     0.672     128       0.313    4.00800   0.008746   0.008077   0.001895
Peak/SNR =          0.9151803851         3.1584925652
    1552     0.047     128       0.250    3.15849   0.002039   0.001662   0.000039
Peak/SNR =          0.9107858539         3.7852363586
    1560    -0.133     128       0.180    3.78524   0.001363   0.001211   0.000129
Peak/SNR =          0.8696580529         6.4962167740
    1568    -0.188     128       0.141    6.49622   0.001411   0.001305   0.000152
Peak/SNR =          0.8924522996         6.1343035698
    1576    -0.195     128       0.109    6.13430   0.001102   0.000974   0.000113
Peak/SNR =          0.8985286355         4.1706738472
    1584    -0.109     128      -0.008    4.17067   0.001174   0.001121   0.000222
Peak/SNR =          0.7954497337         3.6931004524
    1592    -0.617     128       0.234    3.69310   0.003821   0.003374   0.000387
Peak/SNR =          0.7880191803         1.8132392168
    1600    -0.406     128       0.688    1.81324   0.012306   0.018987  -0.002046
Peak/SNR =          0.7666304111         1.6832485199
    1608     1.391     128       4.688    1.68325   0.226425   0.238161  -0.022895
Peak/SNR =          0.7263529301         2.7883865833
    1616     0.594     128       0.461    2.78839   0.020584   0.027039   0.005084
Peak/SNR =          0.9374522567         2.3804204464
    1624     0.602     128       0.031    2.38042   0.002370   0.001511   0.000287
Peak/SNR =          0.9463773370         2.8824663162
    1632    -0.023     128       0.117    2.88247   0.000871   0.001353   0.000146
Peak/SNR =          0.9494476318         4.7857971191
    1640     0.063     128       0.133    4.78580   0.000980   0.001268   0.000094
Peak/SNR =          0.9498113394         3.4827220440
    1648     0.063     128       0.172    3.48272   0.001424   0.001554   0.000172
Peak/SNR =          0.9451258183         2.9229536057
    1656    -0.039     128       0.195    2.92295   0.001954   0.002261   0.000171
Peak/SNR =          0.9624157548         7.8577470779
    1152    -0.164     136       0.125    7.85775   0.000599   0.000328   0.000021
Peak/SNR =          0.9568639994         8.8975706100
    1160    -0.125     136       0.117    8.89757   0.000584   0.000325   0.000014
Peak/SNR =          0.9391530752        15.8202238083
    1168    -0.203     136       0.180   15.82022   0.000568   0.000368   0.000081
Peak/SNR =          0.9350447655        19.7103366852
    1176    -0.133     136       0.219   19.71034   0.000519   0.000399   0.000098
Peak/SNR =          0.9387665391        17.6125087738
    1184    -0.125     136       0.211   17.61251   0.000430   0.000387   0.000076
Peak/SNR =          0.9287955165        17.2458343506
    1192    -0.148     136       0.266   17.24583   0.000509   0.000478   0.000091
Peak/SNR =          0.9210414886        14.8677511215
    1200    -0.102     136       0.281   14.86775   0.000587   0.000576   0.000086
Peak/SNR =          0.9206635952        13.7106819153
    1208    -0.188     136       0.211   13.71068   0.000706   0.000600   0.000044
Peak/SNR =          0.8797979355        15.1757450104
    1216     0.031     136       0.172   15.17575   0.001125   0.000983   0.000054
Peak/SNR =          0.8736729622        20.0762577057
    1224     0.102     136       0.117   20.07626   0.001171   0.000932   0.000035
Peak/SNR =          0.8530018926        14.8522901535
    1232     0.086     136       0.109   14.85229   0.001369   0.001140  -0.000010
Peak/SNR =          0.8457735777         7.7693490982
    1240     0.117     136       0.164    7.76935   0.001599   0.001526  -0.000079
Peak/SNR =          0.9358633757         3.7070693970
    1248     0.148     136       0.172    3.70707   0.001557   0.001581  -0.000192
Peak/SNR =          0.9437704086         7.7361040115
    1256     0.047     136       0.141    7.73610   0.000685   0.000801  -0.000034
Peak/SNR =          0.9636669159         7.1018137932
    1264     0.055     136       0.102    7.10181   0.000639   0.000601  -0.000060
Peak/SNR =          0.9717733860         4.3986830711
    1272     0.094     136       0.109    4.39868   0.000598   0.000566  -0.000021
Peak/SNR =          0.9474557042         5.4143166542
    1280     0.086     136       0.141    5.41432   0.000941   0.000781  -0.000029
Peak/SNR =          0.9016621113         7.6483373642
    1288     0.055     136       0.211    7.64834   0.002118   0.001432  -0.000062
Peak/SNR =          0.7564629316         8.3652048111
    1296    -0.164     136       0.352    8.36520   0.004358   0.003227   0.000434
Peak/SNR =          0.6419225335         4.2774991989
    1304    -0.023     136       0.578    4.27750   0.022390   0.012135   0.002230
Peak/SNR =          0.6991916299         4.0291728973
    1312     0.141     136       0.359    4.02917   0.011774   0.006599   0.000552
Peak/SNR =          0.8554706573         4.9637188911
    1320     0.133     136       0.250    4.96372   0.004045   0.003352  -0.001422
Peak/SNR =          0.9296211600         4.5734314919
    1328     0.109     136       0.148    4.57343   0.001790   0.001431  -0.000573
Peak/SNR =          0.9505706429         4.6514754295
    1336     0.070     136       0.102    4.65148   0.001080   0.000885  -0.000342
Peak/SNR =          0.9525574446         4.8549470901
    1344     0.102     136       0.133    4.85495   0.001201   0.000870  -0.000343
Peak/SNR =          0.9384865165         4.5775985718
    1352     0.156     136       0.180    4.57760   0.002015   0.001147  -0.000235
Peak/SNR =          0.9145645499         4.8713369370
    1360     0.180     136       0.164    4.87134   0.003098   0.001552  -0.000046
Peak/SNR =          0.9140984416         3.3976349831
    1368     0.109     136       0.313    3.39763   0.007320   0.002068   0.000667
Peak/SNR =          0.8783571720         2.6290371418
    1376    -0.031     136       0.484    2.62904   0.013733   0.003916   0.001155
Peak/SNR =          0.8166065216         2.7386038303
    1384    -0.227     136       0.641    2.73860   0.025621   0.009371   0.002899
Peak/SNR =          0.7705792785         2.5608308315
    1392    -0.234     136       0.875    2.56083   0.039426   0.019186   0.007255
Peak/SNR =          0.7250924110         3.3696792126
    1400    -0.219     136       1.086    3.36968   0.024271   0.013705   0.003157
Peak/SNR =          0.5685791373         6.4334745407
    1408    -2.625     136       4.320    6.43347   0.019202   0.052935   0.003879
Peak/SNR =          0.3408900499         2.3651421070
    1416   -18.984     136      23.805    2.36514   0.534699   0.151168   0.167254
Peak/SNR =          0.3383065462         3.3954308033
    1424   -30.289     136      22.445    3.39543   0.493616   0.287812   0.190158
Peak/SNR =          0.3941700459         9.7435312271
    1432    -0.078     136       0.602    9.74353   0.038183   0.011625   0.003316
Peak/SNR =          0.5441887975         4.9353652000
    1440     0.047     136       0.594    4.93537   0.025480   0.007899   0.001535
Peak/SNR =          0.6261242628         6.3489065170
    1448     0.203     136       0.641    6.34891   0.010371   0.003277   0.000187
Peak/SNR =          0.6429504156         8.2728319168
    1456     0.102     136       0.617    8.27283   0.007745   0.002834   0.000574
Peak/SNR =          0.6599544883         8.9524002075
    1464     0.195     136       0.641    8.95240   0.007055   0.002797   0.000778
Peak/SNR =          0.6695976853         9.5523586273
    1472     0.164     136       0.641    9.55236   0.006212   0.002622   0.000778
Peak/SNR =          0.6213558912         9.4080543518
    1480     0.141     136       0.586    9.40805   0.010179   0.004775   0.002166
Peak/SNR =          0.5816645622         2.7575027943
    1512     3.563     136     -27.656    2.75750   0.244934   0.116371   0.077477
Peak/SNR =          0.6582539082         1.9417730570
    1520     0.930     136     -25.461    1.94177   2.366601   1.265190   1.490740
Peak/SNR =          0.5747907758         3.7799668312
    1528     4.922     136      -1.367    3.77997   0.356443   0.107704   0.127188
Peak/SNR =          0.6915840507         2.5402765274
    1536     1.633     136      14.133    2.54028   0.240924   0.380419   0.231138
Peak/SNR =          0.7678799629         2.8079066277
    1544     0.680     136       0.766    2.80791   0.009938   0.008959   0.002025
Peak/SNR =          0.9120274782         2.9981791973
    1552     0.086     136       0.305    2.99818   0.002225   0.001814   0.000009
Peak/SNR =          0.8994459510         4.4415125847
    1560    -0.156     136       0.219    4.44151   0.001422   0.001244   0.000118
Peak/SNR =          0.8538975716         7.2577571869
    1568    -0.234     136       0.180    7.25776   0.001572   0.001370   0.000157
Peak/SNR =          0.8753273487         6.3188285828
    1576    -0.250     136       0.133    6.31883   0.001291   0.001054   0.000120
Peak/SNR =          0.8619811535         4.6959972382
    1584    -0.211     136       0.164    4.69600   0.001711   0.001436   0.000340
Peak/SNR =          0.8471721411         2.5915803909
    1592    -0.664     136       0.539    2.59158   0.007417   0.003913   0.001188
Peak/SNR =          0.8608226776         1.5904719830
    1600    -0.563     136       0.695    1.59047   0.017896   0.021011  -0.000031
Peak/SNR =          0.8130286336         1.7243049145
    1608    -0.258     136       0.625    1.72430   0.034338   0.023058  -0.000742
Peak/SNR =          0.7853143811         2.5531404018
    1616     0.461     136       0.469    2.55314   0.022990   0.021174   0.003946
Peak/SNR =          0.8983525634         3.2160181999
    1624     0.766     136      -0.477    3.21602   0.003801   0.002922   0.000986
Peak/SNR =          0.9520313740         4.1486678123
    1632     0.039     136       0.000    4.14867   0.000699   0.001025   0.000114
Peak/SNR =          0.9495184422         6.0259099007
    1640     0.063     136       0.078    6.02591   0.000804   0.000957   0.000101
Peak/SNR =          0.9451441765         4.9011530876
    1648     0.039     136       0.133    4.90115   0.001079   0.001022   0.000128
Peak/SNR =          0.9278241992         5.9556369781
    1656    -0.055     136       0.180    5.95564   0.001285   0.001253   0.000110
Peak/SNR =          0.8760066032         4.6995005608
    1664    -0.109     136       0.172    4.69950   0.003050   0.001695   0.000090
Peak/SNR =          0.9372919202        12.5054903030
    1112    -0.039     144       0.172   12.50549   0.000711   0.000428   0.000040
Peak/SNR =          0.9483591318        17.4567546844
    1120     0.008     144       0.188   17.45675   0.000502   0.000342   0.000052
Peak/SNR =          0.9611170292        14.2169065475
    1128     0.023     144       0.219   14.21691   0.000424   0.000278   0.000037
Peak/SNR =          0.9642104506        11.8936223984
    1136     0.023     144       0.219   11.89362   0.000443   0.000268   0.000032
Peak/SNR =          0.9688159227         8.6169910431
    1144     0.000     144       0.211    8.61699   0.000409   0.000251   0.000035
Peak/SNR =          0.9700278044         6.5652151108
    1152    -0.070     144       0.172    6.56522   0.000523   0.000256   0.000016
Peak/SNR =          0.9658827186         6.9090032578
    1160    -0.031     144       0.125    6.90900   0.000492   0.000255   0.000011
Peak/SNR =          0.9594199061         8.1375408173
    1168    -0.109     144       0.094    8.13754   0.000440   0.000286   0.000058
Peak/SNR =          0.9486001730        15.0320415497
    1176    -0.133     144       0.094   15.03204   0.000349   0.000310   0.000093
Peak/SNR =          0.9393055439        36.7802124023
    1184    -0.109     144       0.094   36.78021   0.000264   0.000290   0.000079
Peak/SNR =          0.9409777522        28.5243244171
    1192    -0.109     144       0.102   28.52432   0.000283   0.000321   0.000095
Peak/SNR =          0.9471818805        22.2470455170
    1200    -0.102     144       0.094   22.24705   0.000266   0.000306   0.000082
Peak/SNR =          0.9316248894        18.8134250641
    1208    -0.055     144       0.125   18.81343   0.000393   0.000405   0.000093
Peak/SNR =          0.8494849801        25.2734279633
    1216    -0.039     144       0.133   25.27343   0.001047   0.000928   0.000245
Peak/SNR =          0.8508155346        10.5828399658
    1224     0.094     144       0.117   10.58284   0.001377   0.001335   0.000397
Peak/SNR =          0.8584661484         4.9887089729
    1232     0.063     144       0.203    4.98871   0.001850   0.001815   0.000326
Peak/SNR =          0.9175702333         3.1753187180
    1240     0.141     144       0.234    3.17532   0.001839   0.001847   0.000189
Peak/SNR =          0.9436332583         3.3331880569
    1248     0.195     144       0.250    3.33319   0.001638   0.001691   0.000087
Peak/SNR =          0.9505313039         7.5146875381
    1256     0.086     144       0.125    7.51469   0.000693   0.000790   0.000042
Peak/SNR =          0.9703893661         5.0983676910
    1264     0.102     144       0.094    5.09837   0.000616   0.000566   0.000002
Peak/SNR =          0.9732933640         3.6123881340
    1272     0.094     144       0.102    3.61239   0.000612   0.000588   0.000018
Peak/SNR =          0.9540283680         4.4970431328
    1280     0.117     144       0.133    4.49704   0.000866   0.000759   0.000025
Peak/SNR =          0.9190323949         6.9266986847
    1288     0.086     144       0.211    6.92670   0.001654   0.001195  -0.000028
Peak/SNR =          0.7521275282         9.8150043488
    1296    -0.102     144       0.398    9.81500   0.003278   0.002888   0.000182
Peak/SNR =          0.5575500131         4.9893360138
    1304    -0.008     144       0.617    4.98934   0.012926   0.007814   0.001051
Peak/SNR =          0.6462576389         5.7125930786
    1312    -0.016     144       0.516    5.71259   0.014858   0.007435   0.000846
Peak/SNR =          0.8665132523         5.4945073128
    1320     0.117     144       0.320    5.49451   0.003223   0.002395  -0.000894
Peak/SNR =          0.9292114377         5.0626707077
    1328     0.086     144       0.211    5.06267   0.001503   0.001189  -0.000436
Peak/SNR =          0.9593221545         4.5986289978
    1336     0.070     144       0.164    4.59863   0.000855   0.000732  -0.000266
Peak/SNR =          0.9663542509         5.2436170578
    1344     0.109     144       0.188    5.24362   0.000713   0.000583  -0.000183
Peak/SNR =          0.9547325373         5.9450230598
    1352     0.117     144       0.227    5.94502   0.001113   0.000797  -0.000139
Peak/SNR =          0.9385412335         5.4136958122
    1360     0.141     144       0.242    5.41370   0.001849   0.001237  -0.000092
Peak/SNR =          0.9252182245         5.0715050697
    1368     0.195     144       0.305    5.07151   0.002909   0.001564   0.000114
Peak/SNR =          0.8795997500         4.7277054787
    1376    -0.016     144       0.297    4.72771   0.005678   0.002457   0.000047
Peak/SNR =          0.8298563957         3.3325698376
    1384     0.063     144       0.219    3.33257   0.007569   0.004252  -0.000411
Peak/SNR =          0.8126940727         2.7793922424
    1392     0.078     144       0.305    2.77939   0.009727   0.005727   0.000280
Peak/SNR =          0.7562807202         4.0843353271
    1400     0.016     144       0.242    4.08434   0.008819   0.005156   0.000151
Peak/SNR =          0.6905415654        13.7360925674
    1408     0.094     144       0.266   13.73609   0.005971   0.004355   0.001105
Peak/SNR =          0.6442770958         6.1646394730
    1416     0.008     144       0.477    6.16464   0.014705   0.010731   0.005786
Peak/SNR =          0.5964077115         6.1128482819
    1424    -0.336     144       0.734    6.11285   0.023849   0.004426  -0.000022
Peak/SNR =          0.5824607015         8.8325281143
    1432    -0.211     144       0.813    8.83253   0.022837   0.006272   0.000585
Peak/SNR =          0.5173223615         4.1857099533
    1440    -0.063     144       0.711    4.18571   0.039429   0.010587   0.001103
Peak/SNR =          0.5909039974         4.7167997360
    1448     0.266     144       0.742    4.71680   0.015800   0.004387  -0.000661
Peak/SNR =          0.6170313954         6.4702816010
    1456     0.234     144       0.727    6.47028   0.011866   0.003625   0.000336
Peak/SNR =          0.6186730266         7.2541022301
    1464     0.266     144       0.750    7.25410   0.011234   0.003857   0.000756
Peak/SNR =          0.6452509761         7.1605329514
    1472     0.211     144       0.719    7.16053   0.009106   0.003337   0.000733
Peak/SNR =          0.6373363137         7.6148285866
    1480     0.195     144       0.656    7.61483   0.010999   0.004754   0.001822
Peak/SNR =          0.5997987390         2.2178232670
    1504   -28.695     144      29.867    2.21782   0.291597   0.358675   0.030637
Peak/SNR =          0.4889738560         2.4392955303
    1512     3.172     144     -28.602    2.43930   1.530625   0.799892   0.783528
Peak/SNR =          0.6180154681         1.7386381626
    1520     2.023     144     -28.094    1.73864   0.548396   0.262095   0.167109
Peak/SNR =          0.5822473168         7.7691001892
    1528    -0.094     144       0.398    7.76910   0.008691   0.007399  -0.000083
Peak/SNR =          0.8350669742         4.2918815613
    1536     0.258     144       0.672    4.29188   0.005452   0.004984   0.001648
Peak/SNR =          0.8964586258         3.3399579525
    1544     0.117     144       0.523    3.33996   0.003605   0.003111   0.001406
Peak/SNR =          0.9220573902         3.8099699020
    1552    -0.086     144       0.383    3.80997   0.001904   0.001549   0.000522
Peak/SNR =          0.8953985572         6.1088027954
    1560    -0.125     144       0.352    6.10880   0.001437   0.001261   0.000354
Peak/SNR =          0.8715449572         6.6819796562
    1568    -0.164     144       0.250    6.68198   0.001688   0.001319   0.000333
Peak/SNR =          0.8771802783         5.1513838768
    1576    -0.203     144       0.227    5.15138   0.001742   0.001388   0.000272
Peak/SNR =          0.8931770325         3.9219074249
    1584    -0.242     144       0.273    3.92191   0.001834   0.001546   0.000389
Peak/SNR =          0.9191569090         2.4206750393
    1592    -0.641     144       0.383    2.42068   0.006060   0.002670   0.000976
Peak/SNR =          0.8751702309         1.9980092049
    1600    -0.602     144       0.609    1.99801   0.013611   0.009395   0.002741
Peak/SNR =          0.8371621966         2.5395958424
    1608    -0.352     144       0.508    2.53960   0.025044   0.006741  -0.001453
Peak/SNR =          0.8111364841         4.5080432892
    1616    -0.367     144       0.461    4.50804   0.012222   0.006331  -0.002413
Peak/SNR =          0.8280436397         6.6526966095
    1624    -0.063     144       0.250    6.65270   0.005702   0.002691   0.000566
Peak/SNR =          0.8753188848         9.5994939804
    1632    -0.055     144       0.063    9.59949   0.001654   0.001548   0.000289
Peak/SNR =          0.9066212177         7.8813500404
    1640     0.031     144       0.039    7.88135   0.001312   0.001179   0.000245
Peak/SNR =          0.9206966162         5.6666102409
    1648     0.039     144       0.109    5.66661   0.001363   0.001054   0.000228
Peak/SNR =          0.8992344141         8.2514524460
    1656    -0.031     144       0.156    8.25145   0.001388   0.001093   0.000208
Peak/SNR =          0.7760372758        19.7433967590
    1664    -0.086     144       0.266   19.74340   0.002670   0.001436   0.000239
Peak/SNR =          0.9598965049         5.5556101799
    1064     0.180     152       0.188    5.55561   0.000557   0.000354   0.000095
Peak/SNR =          0.9783595800         3.8756165504
    1072     0.070     152       0.305    3.87562   0.000365   0.000222   0.000047
Peak/SNR =          0.9841407537         2.8674800396
    1080     0.203     152       0.203    2.86748   0.000320   0.000255   0.000017
Peak/SNR =          0.9846424460         2.9447736740
    1088     0.117     152       0.273    2.94477   0.000326   0.000267   0.000019
Peak/SNR =          0.9815115929         3.5656471252
    1096     0.078     152       0.258    3.56565   0.000341   0.000295   0.000017
Peak/SNR =          0.9776598215         4.1953001022
    1104     0.078     152       0.211    4.19530   0.000369   0.000320   0.000022
Peak/SNR =          0.9663057923         6.8291940689
    1112     0.023     152       0.281    6.82919   0.000558   0.000331   0.000019
Peak/SNR =          0.9579152465        16.4123039246
    1120     0.039     152       0.227   16.41230   0.000429   0.000287   0.000034
Peak/SNR =          0.9646940231        12.7402343750
    1128     0.016     152       0.234   12.74023   0.000406   0.000252   0.000031
Peak/SNR =          0.9639183283        12.2326307297
    1136     0.008     152       0.203   12.23263   0.000391   0.000243   0.000015
Peak/SNR =          0.9689204097         9.1786212921
    1144    -0.023     152       0.195    9.17862   0.000394   0.000236   0.000004
Peak/SNR =          0.9708505273         6.7366199493
    1152     0.008     152       0.148    6.73662   0.000474   0.000246  -0.000015
Peak/SNR =          0.9687638283         6.5049943924
    1160    -0.023     152       0.125    6.50499   0.000461   0.000246  -0.000026
Peak/SNR =          0.9657492638         6.6276860237
    1168    -0.078     152       0.094    6.62769   0.000453   0.000270   0.000015
Peak/SNR =          0.9596178532         9.1293973923
    1176    -0.070     152       0.031    9.12940   0.000311   0.000260   0.000063
Peak/SNR =          0.9569336176        15.4054288864
    1184    -0.094     152       0.078   15.40543   0.000208   0.000217   0.000053
Peak/SNR =          0.9506898522        20.5161972046
    1192    -0.094     152       0.086   20.51620   0.000225   0.000257   0.000076
Peak/SNR =          0.9520366788        24.6345348358
    1200    -0.086     152       0.102   24.63453   0.000225   0.000275   0.000078
Peak/SNR =          0.9451777935        23.5323410034
    1208    -0.023     152       0.148   23.53234   0.000307   0.000336   0.000094
Peak/SNR =          0.9129102230        17.1431293488
    1216     0.047     152       0.156   17.14313   0.000641   0.000636   0.000240
Peak/SNR =          0.8950535059         9.7075347900
    1224     0.023     152       0.156    9.70753   0.001123   0.000979   0.000384
Peak/SNR =          0.8919855356         5.8108086586
    1232     0.016     152       0.180    5.81081   0.001364   0.001539   0.000453
Peak/SNR =          0.9361077547         4.6927919388
    1240     0.055     152       0.234    4.69279   0.001393   0.001149   0.000403
Peak/SNR =          0.9520213604         5.2453994751
    1248     0.070     152       0.195    5.24540   0.001178   0.000927   0.000274
Peak/SNR =          0.9639593363         6.2767720222
    1256     0.102     152       0.156    6.27677   0.000695   0.000756   0.000185
Peak/SNR =          0.9757427573         3.8293607235
    1264     0.117     152       0.141    3.82936   0.000762   0.000668   0.000146
Peak/SNR =          0.9760706425         3.0345096588
    1272     0.117     152       0.125    3.03451   0.000737   0.000799   0.000142
Peak/SNR =          0.9534236193         3.9540011883
    1280     0.148     152       0.164    3.95400   0.001094   0.001135   0.000209
Peak/SNR =          0.8922895193         7.3023548126
    1288     0.086     152       0.188    7.30235   0.002368   0.001893   0.000285
Peak/SNR =          0.7147125006        10.1986064911
    1296    -0.070     152       0.320   10.19861   0.003694   0.003177   0.000509
Peak/SNR =          0.5367258787         5.3689517975
    1304     0.086     152       0.492    5.36895   0.009869   0.007108   0.001998
Peak/SNR =          0.6609399319         8.7046108246
    1312     0.023     152       0.492    8.70461   0.005850   0.003645   0.000484
Peak/SNR =          0.9012144804         4.6649556160
    1320     0.086     152       0.320    4.66496   0.002105   0.001424  -0.000431
Peak/SNR =          0.9469194412         4.6502165794
    1328     0.063     152       0.227    4.65022   0.000991   0.000786  -0.000253
Peak/SNR =          0.9637773037         4.8000392914
    1336     0.063     152       0.188    4.80004   0.000624   0.000536  -0.000153
Peak/SNR =          0.9632453918         6.4579248428
    1344     0.086     152       0.180    6.45792   0.000552   0.000466  -0.000111
Peak/SNR =          0.9537529945         8.4062929153
    1352     0.086     152       0.203    8.40629   0.000771   0.000572  -0.000068
Peak/SNR =          0.9347950816         7.5445747375
    1360     0.094     152       0.227    7.54457   0.001281   0.000907  -0.000030
Peak/SNR =          0.9163653851         7.7351560593
    1368     0.141     152       0.227    7.73516   0.001652   0.001192   0.000040
Peak/SNR =          0.8695007563         8.3858604431
    1376     0.094     152       0.250    8.38586   0.002673   0.001874   0.000022
Peak/SNR =          0.8257825375         6.3020401001
    1384     0.094     152       0.266    6.30204   0.003553   0.002930  -0.000053
Peak/SNR =          0.8360623121         4.7330965996
    1392     0.078     152       0.258    4.73310   0.003683   0.003188   0.000056
Peak/SNR =          0.8208460212         5.4595932961
    1400     0.023     152       0.242    5.45959   0.004612   0.003118   0.000001
Peak/SNR =          0.7911285162         7.9393653870
    1408     0.063     152       0.219    7.93937   0.005275   0.003048   0.000423
Peak/SNR =          0.6971302032         9.5968828201
    1416    -0.008     152       0.250    9.59688   0.005837   0.004038   0.000846
Peak/SNR =          0.5971567035         8.5944919586
    1424    -0.219     152       0.617    8.59449   0.022820   0.005681  -0.001013
Peak/SNR =          0.6000826359         8.4945211411
    1432    -0.211     152       0.680    8.49452   0.017356   0.005863  -0.000282
Peak/SNR =          0.2898048162         9.3620052338
    1448     0.313     152       0.672    9.36201   0.036322   0.010219  -0.000352
Peak/SNR =          0.3311142325         9.2629337311
    1456     0.273     152       0.617    9.26293   0.024436   0.006932   0.001179
Peak/SNR =          0.3968929350        11.6503295898
    1464     0.305     152       0.648   11.65033   0.018507   0.005664   0.001481
Peak/SNR =          0.4826577008        15.3472003937
    1472     0.203     152       0.664   15.34720   0.013164   0.004195   0.001174
Peak/SNR =          0.5059781671        12.8284626007
    1480     0.242     152       0.578   12.82846   0.012025   0.004413   0.001512
Peak/SNR =          0.4897086024         2.7825436592
    1488     9.523     152      14.109    2.78254   0.705080   0.199083   0.109293
Peak/SNR =          0.4463279545         5.6192898750
    1504    -0.125     152       0.258    5.61929   0.008319   0.008115  -0.000567
Peak/SNR =          0.4702199399        14.3468637466
    1512    -0.203     152       0.266   14.34686   0.004305   0.005559  -0.000444
Peak/SNR =          0.5719286799        13.6701831818
    1520    -0.203     152       0.266   13.67018   0.003416   0.004396  -0.000279
Peak/SNR =          0.6168218255         9.6708211899
    1528    -0.102     152       0.297    9.67082   0.003194   0.004124  -0.000071
Peak/SNR =          0.9077860117         3.2997729778
    1536     0.141     152       0.359    3.29977   0.001837   0.003228   0.000329
Peak/SNR =          0.9208387136         3.0259208679
    1544     0.148     152       0.266    3.02592   0.001950   0.002911   0.000524
Peak/SNR =          0.9097832441         3.6482565403
    1552     0.164     152       0.125    3.64826   0.001954   0.002816   0.000564
Peak/SNR =          0.8988264799         6.1831216812
    1560     0.031     152       0.172    6.18312   0.001437   0.001959   0.000365
Peak/SNR =          0.8755454421         5.5963134766
    1568    -0.031     152       0.148    5.59631   0.002072   0.001943   0.000490
Peak/SNR =          0.8577766418         4.3295059204
    1576    -0.227     152       0.148    4.32951   0.003349   0.002888   0.000864
Peak/SNR =          0.8826965690         4.5453853607
    1584    -0.336     152       0.047    4.54539   0.003203   0.002180   0.000581
Peak/SNR =          0.9110997915         4.0440559387
    1592    -0.609     152      -0.023    4.04406   0.006069   0.002346   0.001168
Peak/SNR =          0.8983067870         4.0521111488
    1600    -0.625     152      -0.156    4.05211   0.005764   0.003260   0.000873
Peak/SNR =          0.8802188039         4.8112292290
    1608    -0.641     152       0.297    4.81123   0.007923   0.002859  -0.000389
Peak/SNR =          0.8515808582         6.3832044601
    1616    -0.781     152       0.352    6.38320   0.030504   0.004907  -0.007010
Peak/SNR =          0.8144366741         6.7938747406
    1624    -0.406     152       0.242    6.79387   0.015105   0.007061  -0.001261
Peak/SNR =          0.8580931425        11.0571165085
    1632    -0.047     152       0.023   11.05712   0.002756   0.002276  -0.000141
Peak/SNR =          0.8915464282         8.8345088959
    1640     0.016     152       0.039    8.83451   0.001838   0.001504   0.000126
Peak/SNR =          0.9044383764         6.9433217049
    1648     0.055     152       0.094    6.94332   0.001751   0.001276   0.000159
Peak/SNR =          0.8840332627        10.4163465500
    1656     0.047     152       0.172   10.41635   0.001605   0.001074   0.000127
Peak/SNR =          0.8367766738        18.5635261536
    1664     0.016     152       0.250   18.56353   0.001904   0.001054   0.000243
Peak/SNR =          0.9291084409         6.7465472221
    1024     0.016     160       0.273    6.74655   0.000733   0.000704   0.000090
Peak/SNR =          0.9461634159         6.0635948181
    1032     0.156     160       0.219    6.06359   0.000575   0.000557   0.000025
Peak/SNR =          0.9481531382         8.9098749161
    1040     0.172     160       0.172    8.90987   0.000480   0.000405   0.000026
Peak/SNR =          0.9430087805         9.7245368958
    1048     0.164     160       0.156    9.72454   0.000480   0.000413   0.000030
Peak/SNR =          0.9494931698         6.4601778984
    1056     0.195     160       0.141    6.46018   0.000575   0.000413   0.000041
Peak/SNR =          0.9714465737         4.5004577637
    1064     0.203     160       0.148    4.50046   0.000474   0.000271   0.000055
Peak/SNR =          0.9834262133         3.3331475258
    1072     0.148     160       0.242    3.33315   0.000351   0.000200   0.000011
Peak/SNR =          0.9877350926         2.6863331795
    1080     0.219     160       0.211    2.68633   0.000295   0.000246   0.000001
Peak/SNR =          0.9893437624         2.8054118156
    1088     0.133     160       0.234    2.80541   0.000299   0.000248   0.000002
Peak/SNR =          0.9886313677         3.1916875839
    1096     0.078     160       0.188    3.19169   0.000298   0.000251  -0.000001
Peak/SNR =          0.9870936871         3.2211513519
    1104     0.047     160       0.164    3.22115   0.000342   0.000285   0.000011
Peak/SNR =          0.9823188782         3.4640905857
    1112     0.016     160       0.133    3.46409   0.000602   0.000305   0.000008
Peak/SNR =          0.9723058939         6.1437864304
    1120     0.023     160       0.109    6.14379   0.000548   0.000288   0.000025
Peak/SNR =          0.9690221548         7.2426676750
    1128    -0.016     160       0.164    7.24267   0.000554   0.000301   0.000044
Peak/SNR =          0.9668634534         8.0978956223
    1136    -0.023     160       0.172    8.09790   0.000476   0.000278   0.000026
Peak/SNR =          0.9665938616         8.1449289322
    1144    -0.031     160       0.203    8.14493   0.000430   0.000266   0.000017
Peak/SNR =          0.9579713345         8.3466329575
    1152    -0.016     160       0.211    8.34663   0.000480   0.000315  -0.000019
Peak/SNR =          0.9649356604         9.0423793793
    1160    -0.008     160       0.211    9.04238   0.000442   0.000301  -0.000032
Peak/SNR =          0.9525648355         9.7261514664
    1168    -0.031     160       0.227    9.72615   0.000531   0.000384  -0.000010
Peak/SNR =          0.9520295262         8.8488283157
    1176    -0.086     160       0.195    8.84883   0.000469   0.000393   0.000021
Peak/SNR =          0.9588768482         6.0700206757
    1184    -0.094     160       0.219    6.07002   0.000431   0.000389   0.000055
Peak/SNR =          0.9508934021         5.7167625427
    1192    -0.117     160       0.219    5.71676   0.000442   0.000421   0.000087
Peak/SNR =          0.9724755287         5.3411030769
    1200    -0.086     160       0.141    5.34110   0.000256   0.000275   0.000067
Peak/SNR =          0.9712125659         8.6911802292
    1208    -0.023     160       0.211    8.69118   0.000221   0.000215   0.000063
Peak/SNR =          0.9592838287        15.8261737823
    1216     0.031     160       0.219   15.82617   0.000319   0.000287   0.000112
Peak/SNR =          0.9497483969         7.0161929131
    1224     0.016     160       0.180    7.01619   0.000623   0.000537   0.000194
Peak/SNR =          0.9476797581         6.7911343575
    1232     0.117     160       0.188    6.79113   0.000561   0.000846   0.000191
Peak/SNR =          0.9628091455         6.2944145203
    1240     0.117     160       0.242    6.29441   0.000687   0.000758   0.000197
Peak/SNR =          0.9745172262         5.1721711159
    1248     0.133     160       0.211    5.17217   0.000619   0.000623   0.000148
Peak/SNR =          0.9801229835         4.5490841866
    1256     0.156     160       0.164    4.54908   0.000419   0.000505   0.000087
Peak/SNR =          0.9808629751         3.1916956902
    1264     0.148     160       0.148    3.19170   0.000651   0.000613   0.000116
Peak/SNR =          0.9752799869         2.9557914734
    1272     0.148     160       0.117    2.95579   0.000714   0.000822   0.000116
Peak/SNR =          0.9279907942         5.6565046310
    1280     0.156     160       0.195    5.65650   0.001103   0.001174   0.000177
Peak/SNR =          0.5507954955        12.4477119446
    1288     0.047     160       0.375   12.44771   0.004259   0.003049   0.000937
Peak/SNR =          0.5782671571        15.3660764694
    1296     0.141     160       0.438   15.36608   0.005663   0.003597   0.000871
Peak/SNR =          0.5825287700        18.5428180695
    1304     0.148     160       0.477   18.54282   0.005913   0.003803   0.001586
Peak/SNR =          0.6008480787        21.1250896454
    1312     0.070     160       0.477   21.12509   0.004720   0.003048   0.000869
Peak/SNR =          0.8494535685        10.5901727676
    1320     0.164     160       0.344   10.59017   0.001757   0.001344  -0.000064
Peak/SNR =          0.9387806654         4.8642230034
    1328     0.055     160       0.250    4.86422   0.000897   0.000790  -0.000145
Peak/SNR =          0.9663636088         4.3130021095
    1336     0.039     160       0.203    4.31300   0.000556   0.000482  -0.000080
Peak/SNR =          0.9651469588         5.8951573372
    1344     0.086     160       0.188    5.89516   0.000451   0.000402  -0.000044
Peak/SNR =          0.9553563595        10.6233730316
    1352     0.070     160       0.180   10.62337   0.000554   0.000452  -0.000016
Peak/SNR =          0.9392558932        12.8904304504
    1360     0.070     160       0.188   12.89043   0.000823   0.000635   0.000013
Peak/SNR =          0.9246338010        10.1859588623
    1368     0.117     160       0.188   10.18596   0.001056   0.000845   0.000042
Peak/SNR =          0.8919489980         7.0079646111
    1376     0.078     160       0.211    7.00796   0.001948   0.001454   0.000050
Peak/SNR =          0.8688693643         5.0024547577
    1384     0.094     160       0.219    5.00245   0.002872   0.002268  -0.000018
Peak/SNR =          0.8582386971         4.4422345161
    1392     0.086     160       0.227    4.44223   0.003372   0.002876   0.000051
Peak/SNR =          0.8258482218         5.5744690895
    1400     0.039     160       0.234    5.57447   0.004764   0.003203  -0.000004
Peak/SNR =          0.7775596380         8.3933353424
    1408     0.031     160       0.227    8.39334   0.005962   0.003464   0.000508
Peak/SNR =          0.6145557761         7.9807586670
    1416    -0.078     160       0.383    7.98076   0.008992   0.006490   0.001393
Peak/SNR =          0.5243285894         7.8074922562
    1424    -0.180     160       0.719    7.80749   0.034715   0.008310  -0.001378
Peak/SNR =          0.4096259475         8.8615007401
    1432    -0.227     160       0.922    8.86150   0.061049   0.016008  -0.003838
Peak/SNR =          0.4036110044         3.3947050571
    1456    30.672     160      -2.977    3.39471   1.439353   0.386151   0.652114
Peak/SNR =          0.3390745223         3.0481009483
    1464    20.398     160      -2.703    3.04810   0.221382   0.198054   0.133201
Peak/SNR =          0.2894591689         4.1303482056
    1472     0.219     160       0.508    4.13035   0.030632   0.011965   0.004390
Peak/SNR =          0.4072169662        10.6464290619
    1480     0.305     160       0.336   10.64643   0.030441   0.011904   0.005219
Peak/SNR =          0.4018217027         6.6046833992
    1488    -3.516     160      -4.633    6.60468   0.299209   0.074594   0.051107
Peak/SNR =          0.4074334800         5.0281186104
    1496    -0.039     160       0.336    5.02812   0.020903   0.016880  -0.001565
Peak/SNR =          0.4198488891         6.8873662949
    1504    -0.195     160       0.266    6.88737   0.008706   0.008255  -0.001295
Peak/SNR =          0.5907393694        14.5696315765
    1512    -0.180     160       0.258   14.56963   0.003861   0.004478  -0.000430
Peak/SNR =          0.6901970506        15.2634601593
    1520    -0.156     160       0.250   15.26346   0.002612   0.003118  -0.000306
Peak/SNR =          0.7535268068         9.5672197342
    1528    -0.109     160       0.266    9.56722   0.002027   0.002458  -0.000167
Peak/SNR =          0.9355265498         3.8098208904
    1536     0.063     160       0.242    3.80982   0.001157   0.001858   0.000127
Peak/SNR =          0.9347881675         3.7574784756
    1544     0.086     160       0.203    3.75748   0.001250   0.001795   0.000219
Peak/SNR =          0.8954456449         5.4486284256
    1552     0.133     160       0.125    5.44863   0.001813   0.002562   0.000472
Peak/SNR =          0.8981333375         6.5238661766
    1560     0.109     160       0.102    6.52387   0.001643   0.002007   0.000386
Peak/SNR =          0.9174112082         3.9555654526
    1568     0.117     160       0.063    3.95557   0.002474   0.001785   0.000550
Peak/SNR =          0.9032243490         3.0770950317
    1576    -0.172     160       0.102    3.07710   0.006026   0.003312   0.001437
Peak/SNR =          0.9069118500         2.7760894299
    1584    -0.461     160       0.102    2.77609   0.009113   0.003335   0.001500
Peak/SNR =          0.9204723835         2.7096743584
    1592    -0.695     160       0.133    2.70967   0.009473   0.003289   0.001619
Peak/SNR =          0.9307627082         3.4793088436
    1600    -0.336     160       0.188    3.47931   0.001849   0.001939   0.000616
Peak/SNR =          0.9013678432         5.7513127327
    1608     0.023     160       0.109    5.75131   0.002072   0.001901   0.000449
Peak/SNR =          0.8507755399         8.1025362015
    1616    -0.219     160       0.094    8.10254   0.002644   0.002268  -0.000111
Peak/SNR =          0.8654857874         8.7298755646
    1624    -0.313     160      -0.008    8.72988   0.003790   0.002140  -0.000597
Peak/SNR =          0.8959854245        11.3858165741
    1632     0.008     160       0.031   11.38582   0.002061   0.001536  -0.000228
Peak/SNR =          0.9151354432         9.8255624771
    1640     0.016     160       0.031    9.82556   0.001614   0.001158  -0.000106
Peak/SNR =          0.9252914786         8.6552238464
    1648     0.070     160       0.086    8.65522   0.001316   0.000898  -0.000013
Peak/SNR =          0.8969460726        14.0010604858
    1656     0.063     160       0.172   14.00106   0.001312   0.000824   0.000063
Peak/SNR =          0.8534364700        19.0578117371
    1664     0.102     160       0.281   19.05781   0.001472   0.000685   0.000068
Peak/SNR =          0.9410250187         3.5014665127
     976    -0.203     168       0.477    3.50147   0.001486   0.001517   0.000112
Peak/SNR =          0.9440216422         3.8500452042
     984    -0.172     168       0.438    3.85005   0.001323   0.001344   0.000089
Peak/SNR =          0.9555169344         3.6301939487
     992    -0.102     168       0.391    3.63019   0.001033   0.001029   0.000072
Peak/SNR =          0.9528166056         4.3044519424
    1000     0.031     168       0.320    4.30445   0.000910   0.000926   0.000038
Peak/SNR =          0.9450392723         6.0248718262
    1008     0.055     168       0.273    6.02487   0.000857   0.000725   0.000029
Peak/SNR =          0.9399460554         7.6262249947
    1016     0.023     168       0.328    7.62622   0.000790   0.000664   0.000059
Peak/SNR =          0.9369131327         6.2192492485
    1024     0.094     168       0.289    6.21925   0.000662   0.000673   0.000037
Peak/SNR =          0.9622991085         4.4363112450
    1032     0.188     168       0.219    4.43631   0.000467   0.000504  -0.000011
Peak/SNR =          0.9604435563         7.3337888718
    1040     0.148     168       0.164    7.33379   0.000376   0.000368   0.000004
Peak/SNR =          0.9526544213        10.9548206329
    1048     0.164     168       0.148   10.95482   0.000395   0.000374  -0.000002
Peak/SNR =          0.9550612569         8.2750797272
    1056     0.188     168       0.141    8.27508   0.000454   0.000364  -0.000002
Peak/SNR =          0.9644737840         6.9365725517
    1064     0.172     168       0.109    6.93657   0.000478   0.000267   0.000033
Peak/SNR =          0.9799574614         5.5259490013
    1072     0.180     168       0.164    5.52595   0.000351   0.000171  -0.000014
Peak/SNR =          0.9857032299         4.3700370789
    1080     0.211     168       0.117    4.37004   0.000286   0.000208  -0.000001
Peak/SNR =          0.9876554608         5.3964734077
    1088     0.125     168       0.102    5.39647   0.000268   0.000192   0.000014
Peak/SNR =          0.9878389835         6.2317476273
    1096     0.102     168       0.094    6.23175   0.000260   0.000179   0.000007
Peak/SNR =          0.9864267111         5.6245231628
    1104     0.078     168       0.063    5.62452   0.000304   0.000202   0.000018
Peak/SNR =          0.9810580611         4.9929070473
    1112     0.031     168       0.078    4.99291   0.000536   0.000221   0.000025
Peak/SNR =          0.9677713513         6.6112918854
    1120    -0.047     168       0.078    6.61129   0.000582   0.000218   0.000003
Peak/SNR =          0.9594765306         8.3334712982
    1128    -0.070     168       0.086    8.33347   0.000568   0.000237   0.000034
Peak/SNR =          0.9562381506        10.8261928558
    1136    -0.094     168       0.148   10.82619   0.000495   0.000240   0.000031
Peak/SNR =          0.9536011219        12.0107440948
    1144    -0.055     168       0.172   12.01074   0.000452   0.000262   0.000022
Peak/SNR =          0.9527571797         9.9516382217
    1152    -0.016     168       0.180    9.95164   0.000430   0.000296   0.000002
Peak/SNR =          0.9594496489        10.1809377670
    1160     0.008     168       0.211   10.18094   0.000441   0.000323  -0.000019
Peak/SNR =          0.9485034347        12.5877046585
    1168    -0.008     168       0.219   12.58770   0.000490   0.000381  -0.000010
Peak/SNR =          0.9505811334        10.1045112610
    1176    -0.078     168       0.211   10.10451   0.000519   0.000423  -0.000006
Peak/SNR =          0.9482113719         8.9173202515
    1184    -0.078     168       0.227    8.91732   0.000559   0.000469   0.000024
Peak/SNR =          0.9471679330         6.1832561493
    1192    -0.102     168       0.211    6.18326   0.000595   0.000500   0.000042
Peak/SNR =          0.9648724198         3.9702806473
    1200    -0.086     168       0.188    3.97028   0.000539   0.000393   0.000055
Peak/SNR =          0.9745447636         4.2061285973
    1208     0.047     168       0.141    4.20613   0.000448   0.000260   0.000076
Peak/SNR =          0.9814389348         6.6916050911
    1216    -0.039     168       0.148    6.69161   0.000266   0.000164   0.000069
Peak/SNR =          0.9587764144         5.1534852982
    1224    -0.070     168       0.203    5.15349   0.000786   0.000555   0.000225
Peak/SNR =          0.9444746971         7.4829111099
    1232     0.109     168       0.164    7.48291   0.000656   0.000788   0.000199
Peak/SNR =          0.9635310769         5.7918505669
    1240     0.148     168       0.203    5.79185   0.000624   0.000727   0.000174
Peak/SNR =          0.9785678387         4.2122249603
    1248     0.141     168       0.188    4.21222   0.000513   0.000566   0.000111
Peak/SNR =          0.9844619036         4.5914597511
    1256     0.141     168       0.156    4.59146   0.000294   0.000360   0.000046
Peak/SNR =          0.9853098989         4.0693097115
    1264     0.117     168       0.156    4.06931   0.000323   0.000343   0.000020
Peak/SNR =          0.9776177406         4.5659584999
    1272     0.109     168       0.148    4.56596   0.000403   0.000471   0.000015
Peak/SNR =          0.9445298910        12.8415117264
    1280     0.133     168       0.203   12.84151   0.000532   0.000629   0.000022
Peak/SNR =          0.8191097975        22.0101699829
    1288     0.008     168       0.313   22.01017   0.001408   0.001296   0.000019
Peak/SNR =          0.6816383004        26.8156909943
    1296     0.156     168       0.383   26.81569   0.002661   0.002351   0.000518
Peak/SNR =          0.7027256489        26.4283866882
    1304     0.164     168       0.422   26.42839   0.002460   0.001950   0.000516
Peak/SNR =          0.7331084609        34.1551628113
    1312     0.141     168       0.422   34.15516   0.002081   0.001581   0.000341
Peak/SNR =          0.8334988356        21.2268772125
    1320     0.172     168       0.398   21.22688   0.001503   0.001044   0.000156
Peak/SNR =          0.8709855080        14.4452743530
    1328     0.086     168       0.336   14.44527   0.000959   0.000807  -0.000011
Peak/SNR =          0.9537097216         4.1019515991
    1336     0.063     168       0.258    4.10195   0.000737   0.000630  -0.000005
Peak/SNR =          0.9648956656         4.0306043625
    1344     0.094     168       0.188    4.03060   0.000517   0.000508  -0.000014
Peak/SNR =          0.9595138431         7.0407481194
    1352     0.070     168       0.148    7.04075   0.000577   0.000534   0.000004
Peak/SNR =          0.9536485672         6.8285999298
    1360     0.070     168       0.156    6.82860   0.000784   0.000698   0.000035
Peak/SNR =          0.9452113509         5.7171764374
    1368     0.109     168       0.141    5.71718   0.000911   0.000880   0.000029
Peak/SNR =          0.9366856813         4.7620182037
    1376     0.086     168       0.141    4.76202   0.001289   0.001141   0.000024
Peak/SNR =          0.9210776091         3.5976026058
    1384     0.117     168       0.180    3.59760   0.001844   0.001638  -0.000038
Peak/SNR =          0.8961303830         3.9185590744
    1392     0.109     168       0.180    3.91856   0.002212   0.002010  -0.000009
Peak/SNR =          0.8689811826         5.9500250816
    1400     0.078     168       0.219    5.95003   0.002895   0.001991  -0.000016
Peak/SNR =          0.8116072416         8.7258615494
    1408     0.055     168       0.297    8.72586   0.004348   0.002457   0.000341
Peak/SNR =          0.6554593444         9.4443159103
    1416    -0.117     168       0.406    9.44432   0.006463   0.004647   0.000984
Peak/SNR =          0.5291282535         6.9988074303
    1424    -0.297     168       0.719    6.99881   0.030953   0.008355  -0.001344
Peak/SNR =          0.3630825281         3.0700199604
    1432   -29.469     168       4.391    3.07002   1.472255   0.179381  -0.229689
Peak/SNR =          0.3933007121         2.3946409225
    1440    23.523     168      28.352    2.39464  33.817661   2.137713   5.712362
Peak/SNR =          0.4697386622         2.1573269367
    1448    26.313     168      29.109    2.15733   1.100901   0.874940   0.124285
Peak/SNR =          0.4084475040         3.3477575779
    1456    21.750     168      29.133    3.34776   2.759797   0.607976  -0.452144
Peak/SNR =          0.3692435026         4.7699952126
    1472   -10.508     168      31.063    4.77000   0.883827   0.227649   0.200691
Peak/SNR =          0.3998443186         4.3976912498
    1480    -2.492     168      -7.523    4.39769   0.269677   0.086373  -0.028093
Peak/SNR =          0.3878628910         3.7788724899
    1488    -6.586     168      -7.594    3.77887   0.319344   0.318242  -0.206472
Peak/SNR =          0.3498722315         3.3383834362
    1496    -6.477     168      -8.773    3.33838   0.663742   0.506767  -0.385720
Peak/SNR =          0.3380844891         7.7674989700
    1504    -0.281     168       0.156    7.76750   0.010901   0.012297  -0.002156
Peak/SNR =          0.6022899151        14.0466318130
    1512    -0.133     168       0.219   14.04663   0.004297   0.005166  -0.000424
Peak/SNR =          0.7156184316        14.8751983643
    1520    -0.047     168       0.242   14.87520   0.002810   0.003481  -0.000145
Peak/SNR =          0.7835674286         8.6855497360
    1528    -0.047     168       0.219    8.68555   0.002032   0.002608  -0.000054
Peak/SNR =          0.9320812821         4.4112462997
    1536     0.102     168       0.195    4.41125   0.001165   0.001860   0.000136
Peak/SNR =          0.9289667010         4.4574785233
    1544     0.125     168       0.102    4.45748   0.001183   0.001760   0.000173
Peak/SNR =          0.8974030018         5.5276150703
    1552     0.141     168       0.000    5.52762   0.001739   0.002516   0.000338
Peak/SNR =          0.9092508554         4.0097823143
    1560     0.125     168      -0.023    4.00978   0.001965   0.002254   0.000355
Peak/SNR =          0.9249552488         2.6864624023
    1568     0.180     168      -0.063    2.68646   0.002976   0.001967   0.000392
Peak/SNR =          0.9254356623         2.4004371166
    1576    -0.016     168      -0.031    2.40044   0.006259   0.002677   0.000885
Peak/SNR =          0.9236490130         2.2965235710
    1584    -0.359     168      -0.047    2.29652   0.009530   0.002804   0.001137
Peak/SNR =          0.9262131453         2.1579232216
    1592    -0.688     168      -0.031    2.15792   0.012235   0.003619   0.001665
Peak/SNR =          0.9436368942         2.7155420780
    1600    -0.281     168       0.047    2.71554   0.001567   0.002035   0.000339
Peak/SNR =          0.9111496806         5.3247151375
    1608     0.047     168       0.117    5.32472   0.001972   0.001880   0.000078
Peak/SNR =          0.8570587039         8.6080179214
    1616    -0.211     168      -0.180    8.60802   0.003021   0.002231   0.000314
Peak/SNR =          0.8907221556        10.9620370865
    1624    -0.008     168      -0.195   10.96204   0.001773   0.001660  -0.000252
Peak/SNR =          0.9055541754        12.8096017838
    1632     0.031     168      -0.133   12.80960   0.001477   0.001297  -0.000118
Peak/SNR =          0.9178000093        12.9008312225
    1640     0.063     168      -0.078   12.90083   0.001196   0.001002  -0.000060
Peak/SNR =          0.9244152904        10.7574901581
    1648     0.148     168       0.086   10.75749   0.001063   0.000894  -0.000097
Peak/SNR =          0.8962805271        15.9806623459
    1656     0.086     168       0.188   15.98066   0.001184   0.000786   0.000025
Peak/SNR =          0.8304798603        27.0756416321
    1664     0.148     168       0.273   27.07564   0.001521   0.000835   0.000057
